\BOOKMARK [0][-]{chapter.1}{Cap\355tulo 1. Introducci\363n y objetivos}{}% 1
\BOOKMARK [1][-]{section.1.1}{Introducci\363n}{chapter.1}% 2
\BOOKMARK [1][-]{section.1.2}{Motivaci\363n}{chapter.1}% 3
\BOOKMARK [1][-]{section.1.3}{Objetivos y estructuraci\363n de la memoria}{chapter.1}% 4
\BOOKMARK [0][-]{chapter.2}{Cap\355tulo 2. Background en problemas}{}% 5
\BOOKMARK [1][-]{section.2.1}{Clasificaci\363n sobre flujos de datos}{chapter.2}% 6
\BOOKMARK [2][-]{subsection.2.1.1}{Tipos de algoritmos para flujos de datos}{section.2.1}% 7
\BOOKMARK [2][-]{subsection.2.1.2}{Aproximaci\363n y aleatorizaci\363n}{section.2.1}% 8
\BOOKMARK [2][-]{subsection.2.1.3}{Ventanas de tiempo}{section.2.1}% 9
\BOOKMARK [2][-]{subsection.2.1.4}{Muestreo}{section.2.1}% 10
\BOOKMARK [2][-]{subsection.2.1.5}{Sinopsis, bocetos y res\372menes}{section.2.1}% 11
\BOOKMARK [2][-]{subsection.2.1.6}{Problemas en el aprendizaje sobre data streams}{section.2.1}% 12
\BOOKMARK [2][-]{subsection.2.1.7}{Requisitos y funcionamiento de flujos de datos}{section.2.1}% 13
\BOOKMARK [1][-]{section.2.2}{Clasificaci\363n ordinal y monot\363nica}{chapter.2}% 14
\BOOKMARK [2][-]{subsection.2.2.1}{Restricciones monot\363nicas}{section.2.2}% 15
\BOOKMARK [2][-]{subsection.2.2.2}{M\351todos de clasificaci\363n no param\351tricos}{section.2.2}% 16
\BOOKMARK [0][-]{chapter.3}{Cap\355tulo 3. Background en algoritmos de \341rboles de decisi\363n}{}% 17
\BOOKMARK [1][-]{section.3.1}{Fundamentos de \341rboles de decisi\363n}{chapter.3}% 18
\BOOKMARK [2][-]{subsection.3.1.1}{Terminolog\355a:}{section.3.1}% 19
\BOOKMARK [2][-]{subsection.3.1.2}{\277Regresi\363n o clasificaci\363n?: similitudes y diferencias.}{section.3.1}% 20
\BOOKMARK [2][-]{subsection.3.1.3}{Ventajas e inconvenientes de los \341rboles de decisi\363n}{section.3.1}% 21
\BOOKMARK [2][-]{subsection.3.1.4}{Creaci\363n del \341rbol}{section.3.1}% 22
\BOOKMARK [1][-]{section.3.2}{Hoeffding Tree y otros algoritmos de flujos de datos}{chapter.3}% 23
\BOOKMARK [2][-]{subsection.3.2.1}{Hoeffding tree \(VFDT\)}{section.3.2}% 24
\BOOKMARK [2][-]{subsection.3.2.2}{Otros algoritmos de flujos de datos}{section.3.2}% 25
\BOOKMARK [1][-]{section.3.3}{\301rboles de decisi\363n monot\363nicos}{chapter.3}% 26
\BOOKMARK [2][-]{subsection.3.3.1}{Problema:}{section.3.3}% 27
\BOOKMARK [2][-]{subsection.3.3.2}{\277C\363mo creamos un \341rbol de decisi\363n monot\363nico?}{section.3.3}% 28
\BOOKMARK [0][-]{chapter.4}{Cap\355tulo 4. Propuesta}{}% 29
\BOOKMARK [1][-]{section.4.1}{Introducci\363n}{chapter.4}% 30
\BOOKMARK [1][-]{section.4.2}{Propuesta y resultados esperados}{chapter.4}% 31
\BOOKMARK [1][-]{section.4.3}{Algoritmos a comparar}{chapter.4}% 32
\BOOKMARK [0][-]{chapter.5}{Cap\355tulo 5. Software desarrollado y uso}{}% 33
\BOOKMARK [0][-]{chapter.6}{Cap\355tulo 6. Experimentos}{}% 34
\BOOKMARK [1][-]{section.6.1}{Marco de trabajo}{chapter.6}% 35
\BOOKMARK [2][-]{subsection.6.1.1}{Conjuntos de datos}{section.6.1}% 36
\BOOKMARK [2][-]{subsection.6.1.2}{Medidas}{section.6.1}% 37
\BOOKMARK [1][-]{section.6.2}{Resultados}{chapter.6}% 38
\BOOKMARK [1][-]{section.6.3}{An\341lisis}{chapter.6}% 39
\BOOKMARK [0][-]{chapter.7}{Cap\355tulo 7. Conclusiones y trabajo futuro}{}% 40
